-------------------------------------------------------------------------------
Test set: net.guides.springboot.todomanagementspringboot.TodoManagementSpringBoot2ApplicationTests
-------------------------------------------------------------------------------
Tests run: 1, Failures: 0, Errors: 1, Skipped: 0, Time elapsed: 2.203 s <<< FAILURE! - in net.guides.springboot.todomanagementspringboot.TodoManagementSpringBoot2ApplicationTests
initializationError(net.guides.springboot.todomanagementspringboot.TodoManagementSpringBoot2ApplicationTests)  Time elapsed: 0.002 s  <<< ERROR!
java.lang.IllegalStateException: Unable to find a @SpringBootConfiguration, you need to use @ContextConfiguration or @SpringBootTest(classes=...) with your test

